<?xml version="1.0" encoding="UTF-8"?>
<!-- Generated by org.testng.reporters.JUnitReportReporter -->
<testsuite skipped="0" hostname="HP" name="com.crm.qa.testcases.HomePageTest" tests="2" failures="0" timestamp="08 Jan 2018 18:37:51 GMT" time="43.087" errors="0">
  <testcase name="verifyHomePageTitleTest" time="23.036" classname="com.crm.qa.testcases.HomePageTest"/>
  <testcase name="verifyUserNameTest" time="20.051" classname="com.crm.qa.testcases.HomePageTest"/>
</testsuite> <!-- com.crm.qa.testcases.HomePageTest -->
