<?xml version="1.0" encoding="UTF-8"?>
<!-- Generated by org.testng.reporters.JUnitReportReporter -->
<testsuite skipped="0" hostname="HP" name="com.crm.qa.testcases.LoginPageTest" tests="3" failures="0" timestamp="08 Jan 2018 17:07:28 GMT" time="44.345" errors="0">
  <testcase name="loginPageTitleTest" time="11.379" classname="com.crm.qa.testcases.LoginPageTest"/>
  <testcase name="crmLogoImageTest" time="13.110" classname="com.crm.qa.testcases.LoginPageTest"/>
  <testcase name="loginTest" time="19.856" classname="com.crm.qa.testcases.LoginPageTest"/>
</testsuite> <!-- com.crm.qa.testcases.LoginPageTest -->
